{"$message_type":"diagnostic","message":"can't compare `solana_program::pubkey::Pubkey` with `__Pubkey`","code":{"code":"E0277","explanation":"You tried to use a type which doesn't implement some trait in a place which\nexpected that trait.\n\nErroneous code example:\n\n```compile_fail,E0277\n// here we declare the Foo trait with a bar method\ntrait Foo {\n    fn bar(&self);\n}\n\n// we now declare a function which takes an object implementing the Foo trait\nfn some_func<T: Foo>(foo: T) {\n    foo.bar();\n}\n\nfn main() {\n    // we now call the method with the i32 type, which doesn't implement\n    // the Foo trait\n    some_func(5i32); // error: the trait bound `i32 : Foo` is not satisfied\n}\n```\n\nIn order to fix this error, verify that the type you're using does implement\nthe trait. Example:\n\n```\ntrait Foo {\n    fn bar(&self);\n}\n\n// we implement the trait on the i32 type\nimpl Foo for i32 {\n    fn bar(&self) {}\n}\n\nfn some_func<T: Foo>(foo: T) {\n    foo.bar(); // we can now use this method since i32 implements the\n               // Foo trait\n}\n\nfn main() {\n    some_func(5i32); // ok!\n}\n```\n\nOr in a generic context, an erroneous code example would look like:\n\n```compile_fail,E0277\nfn some_func<T>(foo: T) {\n    println!(\"{:?}\", foo); // error: the trait `core::fmt::Debug` is not\n                           //        implemented for the type `T`\n}\n\nfn main() {\n    // We now call the method with the i32 type,\n    // which *does* implement the Debug trait.\n    some_func(5i32);\n}\n```\n\nNote that the error here is in the definition of the generic function. Although\nwe only call it with a parameter that does implement `Debug`, the compiler\nstill rejects the function. It must work with all possible input types. In\norder to make this example compile, we need to restrict the generic type we're\naccepting:\n\n```\nuse std::fmt;\n\n// Restrict the input type to types that implement Debug.\nfn some_func<T: fmt::Debug>(foo: T) {\n    println!(\"{:?}\", foo);\n}\n\nfn main() {\n    // Calling the method is still fine, as i32 implements Debug.\n    some_func(5i32);\n\n    // This would fail to compile now:\n    // struct WithoutDebug;\n    // some_func(WithoutDebug);\n}\n```\n\nRust only looks at the signature of the called function, as such it must\nalready specify all requirements that will be used for every type parameter.\n"},"level":"error","spans":[{"file_name":"/Users/apple/.cargo/registry/src/index.crates.io-1949cf8c6b5b557f/spl-token-2022-0.9.0/src/extension/memo_transfer/mod.rs","byte_start":1380,"byte_end":1382,"line_start":42,"line_end":42,"column_start":20,"column_end":22,"is_primary":true,"text":[{"text":"        program_id == &spl_memo::id() || program_id == &spl_memo::v1::id()","highlight_start":20,"highlight_end":22}],"label":"no implementation for `solana_program::pubkey::Pubkey == __Pubkey`","suggested_replacement":null,"suggestion_applicability":null,"expansion":null}],"children":[{"message":"the trait `PartialEq<__Pubkey>` is not implemented for `solana_program::pubkey::Pubkey`\nbut trait `PartialEq<solana_program::pubkey::Pubkey>` is implemented for it","code":null,"level":"help","spans":[],"children":[],"rendered":null},{"message":"for that trait implementation, expected `solana_program::pubkey::Pubkey`, found `__Pubkey`","code":null,"level":"help","spans":[],"children":[],"rendered":null},{"message":"required for `&solana_program::pubkey::Pubkey` to implement `PartialEq<&__Pubkey>`","code":null,"level":"note","spans":[],"children":[],"rendered":null}],"rendered":"\u001b[0m\u001b[1m\u001b[38;5;9merror[E0277]\u001b[0m\u001b[0m\u001b[1m: can't compare `solana_program::pubkey::Pubkey` with `__Pubkey`\u001b[0m\n\u001b[0m  \u001b[0m\u001b[0m\u001b[1m\u001b[38;5;12m--> \u001b[0m\u001b[0m/Users/apple/.cargo/registry/src/index.crates.io-1949cf8c6b5b557f/spl-token-2022-0.9.0/src/extension/memo_transfer/mod.rs:42:20\u001b[0m\n\u001b[0m   \u001b[0m\u001b[0m\u001b[1m\u001b[38;5;12m|\u001b[0m\n\u001b[0m\u001b[1m\u001b[38;5;12m42\u001b[0m\u001b[0m \u001b[0m\u001b[0m\u001b[1m\u001b[38;5;12m|\u001b[0m\u001b[0m \u001b[0m\u001b[0m        program_id == &spl_memo::id() || program_id == &spl_memo::v1::id()\u001b[0m\n\u001b[0m   \u001b[0m\u001b[0m\u001b[1m\u001b[38;5;12m|\u001b[0m\u001b[0m                    \u001b[0m\u001b[0m\u001b[1m\u001b[38;5;9m^^\u001b[0m\u001b[0m \u001b[0m\u001b[0m\u001b[1m\u001b[38;5;9mno implementation for `solana_program::pubkey::Pubkey == __Pubkey`\u001b[0m\n\u001b[0m   \u001b[0m\u001b[0m\u001b[1m\u001b[38;5;12m|\u001b[0m\n\u001b[0m   \u001b[0m\u001b[0m\u001b[1m\u001b[38;5;12m= \u001b[0m\u001b[0m\u001b[1mhelp\u001b[0m\u001b[0m: the trait `PartialEq<\u001b[0m\u001b[0m\u001b[1m\u001b[35m__Pubkey\u001b[0m\u001b[0m>` \u001b[0m\u001b[0m\u001b[1m\u001b[35mis not\u001b[0m\u001b[0m implemented for `solana_program::pubkey::Pubkey`\u001b[0m\n\u001b[0m           but trait `PartialEq<\u001b[0m\u001b[0m\u001b[1m\u001b[35msolana_program::pubkey::Pubkey\u001b[0m\u001b[0m>` \u001b[0m\u001b[0m\u001b[1m\u001b[35mis\u001b[0m\u001b[0m implemented for it\u001b[0m\n\u001b[0m   \u001b[0m\u001b[0m\u001b[1m\u001b[38;5;12m= \u001b[0m\u001b[0m\u001b[1mhelp\u001b[0m\u001b[0m: for that trait implementation, expected `\u001b[0m\u001b[0m\u001b[1m\u001b[35msolana_program::pubkey::Pubkey\u001b[0m\u001b[0m`, found `\u001b[0m\u001b[0m\u001b[1m\u001b[35m__Pubkey\u001b[0m\u001b[0m`\u001b[0m\n\u001b[0m   \u001b[0m\u001b[0m\u001b[1m\u001b[38;5;12m= \u001b[0m\u001b[0m\u001b[1mnote\u001b[0m\u001b[0m: required for `&solana_program::pubkey::Pubkey` to implement `PartialEq<&__Pubkey>`\u001b[0m\n\n"}
{"$message_type":"diagnostic","message":"can't compare `solana_program::pubkey::Pubkey` with `__Pubkey`","code":{"code":"E0277","explanation":"You tried to use a type which doesn't implement some trait in a place which\nexpected that trait.\n\nErroneous code example:\n\n```compile_fail,E0277\n// here we declare the Foo trait with a bar method\ntrait Foo {\n    fn bar(&self);\n}\n\n// we now declare a function which takes an object implementing the Foo trait\nfn some_func<T: Foo>(foo: T) {\n    foo.bar();\n}\n\nfn main() {\n    // we now call the method with the i32 type, which doesn't implement\n    // the Foo trait\n    some_func(5i32); // error: the trait bound `i32 : Foo` is not satisfied\n}\n```\n\nIn order to fix this error, verify that the type you're using does implement\nthe trait. Example:\n\n```\ntrait Foo {\n    fn bar(&self);\n}\n\n// we implement the trait on the i32 type\nimpl Foo for i32 {\n    fn bar(&self) {}\n}\n\nfn some_func<T: Foo>(foo: T) {\n    foo.bar(); // we can now use this method since i32 implements the\n               // Foo trait\n}\n\nfn main() {\n    some_func(5i32); // ok!\n}\n```\n\nOr in a generic context, an erroneous code example would look like:\n\n```compile_fail,E0277\nfn some_func<T>(foo: T) {\n    println!(\"{:?}\", foo); // error: the trait `core::fmt::Debug` is not\n                           //        implemented for the type `T`\n}\n\nfn main() {\n    // We now call the method with the i32 type,\n    // which *does* implement the Debug trait.\n    some_func(5i32);\n}\n```\n\nNote that the error here is in the definition of the generic function. Although\nwe only call it with a parameter that does implement `Debug`, the compiler\nstill rejects the function. It must work with all possible input types. In\norder to make this example compile, we need to restrict the generic type we're\naccepting:\n\n```\nuse std::fmt;\n\n// Restrict the input type to types that implement Debug.\nfn some_func<T: fmt::Debug>(foo: T) {\n    println!(\"{:?}\", foo);\n}\n\nfn main() {\n    // Calling the method is still fine, as i32 implements Debug.\n    some_func(5i32);\n\n    // This would fail to compile now:\n    // struct WithoutDebug;\n    // some_func(WithoutDebug);\n}\n```\n\nRust only looks at the signature of the called function, as such it must\nalready specify all requirements that will be used for every type parameter.\n"},"level":"error","spans":[{"file_name":"/Users/apple/.cargo/registry/src/index.crates.io-1949cf8c6b5b557f/spl-token-2022-0.9.0/src/extension/memo_transfer/mod.rs","byte_start":1413,"byte_end":1415,"line_start":42,"line_end":42,"column_start":53,"column_end":55,"is_primary":true,"text":[{"text":"        program_id == &spl_memo::id() || program_id == &spl_memo::v1::id()","highlight_start":53,"highlight_end":55}],"label":"no implementation for `solana_program::pubkey::Pubkey == __Pubkey`","suggested_replacement":null,"suggestion_applicability":null,"expansion":null}],"children":[{"message":"the trait `PartialEq<__Pubkey>` is not implemented for `solana_program::pubkey::Pubkey`\nbut trait `PartialEq<solana_program::pubkey::Pubkey>` is implemented for it","code":null,"level":"help","spans":[],"children":[],"rendered":null},{"message":"for that trait implementation, expected `solana_program::pubkey::Pubkey`, found `__Pubkey`","code":null,"level":"help","spans":[],"children":[],"rendered":null},{"message":"required for `&solana_program::pubkey::Pubkey` to implement `PartialEq<&__Pubkey>`","code":null,"level":"note","spans":[],"children":[],"rendered":null}],"rendered":"\u001b[0m\u001b[1m\u001b[38;5;9merror[E0277]\u001b[0m\u001b[0m\u001b[1m: can't compare `solana_program::pubkey::Pubkey` with `__Pubkey`\u001b[0m\n\u001b[0m  \u001b[0m\u001b[0m\u001b[1m\u001b[38;5;12m--> \u001b[0m\u001b[0m/Users/apple/.cargo/registry/src/index.crates.io-1949cf8c6b5b557f/spl-token-2022-0.9.0/src/extension/memo_transfer/mod.rs:42:53\u001b[0m\n\u001b[0m   \u001b[0m\u001b[0m\u001b[1m\u001b[38;5;12m|\u001b[0m\n\u001b[0m\u001b[1m\u001b[38;5;12m42\u001b[0m\u001b[0m \u001b[0m\u001b[0m\u001b[1m\u001b[38;5;12m|\u001b[0m\u001b[0m \u001b[0m\u001b[0m        program_id == &spl_memo::id() || program_id == &spl_memo::v1::id()\u001b[0m\n\u001b[0m   \u001b[0m\u001b[0m\u001b[1m\u001b[38;5;12m|\u001b[0m\u001b[0m                                                     \u001b[0m\u001b[0m\u001b[1m\u001b[38;5;9m^^\u001b[0m\u001b[0m \u001b[0m\u001b[0m\u001b[1m\u001b[38;5;9mno implementation for `solana_program::pubkey::Pubkey == __Pubkey`\u001b[0m\n\u001b[0m   \u001b[0m\u001b[0m\u001b[1m\u001b[38;5;12m|\u001b[0m\n\u001b[0m   \u001b[0m\u001b[0m\u001b[1m\u001b[38;5;12m= \u001b[0m\u001b[0m\u001b[1mhelp\u001b[0m\u001b[0m: the trait `PartialEq<\u001b[0m\u001b[0m\u001b[1m\u001b[35m__Pubkey\u001b[0m\u001b[0m>` \u001b[0m\u001b[0m\u001b[1m\u001b[35mis not\u001b[0m\u001b[0m implemented for `solana_program::pubkey::Pubkey`\u001b[0m\n\u001b[0m           but trait `PartialEq<\u001b[0m\u001b[0m\u001b[1m\u001b[35msolana_program::pubkey::Pubkey\u001b[0m\u001b[0m>` \u001b[0m\u001b[0m\u001b[1m\u001b[35mis\u001b[0m\u001b[0m implemented for it\u001b[0m\n\u001b[0m   \u001b[0m\u001b[0m\u001b[1m\u001b[38;5;12m= \u001b[0m\u001b[0m\u001b[1mhelp\u001b[0m\u001b[0m: for that trait implementation, expected `\u001b[0m\u001b[0m\u001b[1m\u001b[35msolana_program::pubkey::Pubkey\u001b[0m\u001b[0m`, found `\u001b[0m\u001b[0m\u001b[1m\u001b[35m__Pubkey\u001b[0m\u001b[0m`\u001b[0m\n\u001b[0m   \u001b[0m\u001b[0m\u001b[1m\u001b[38;5;12m= \u001b[0m\u001b[0m\u001b[1mnote\u001b[0m\u001b[0m: required for `&solana_program::pubkey::Pubkey` to implement `PartialEq<&__Pubkey>`\u001b[0m\n\n"}
{"$message_type":"diagnostic","message":"no function or associated item named `get_packed_len` found for struct `spl_token::state::Account` in the current scope","code":{"code":"E0599","explanation":"This error occurs when a method is used on a type which doesn't implement it:\n\nErroneous code example:\n\n```compile_fail,E0599\nstruct Mouth;\n\nlet x = Mouth;\nx.chocolate(); // error: no method named `chocolate` found for type `Mouth`\n               //        in the current scope\n```\n\nIn this case, you need to implement the `chocolate` method to fix the error:\n\n```\nstruct Mouth;\n\nimpl Mouth {\n    fn chocolate(&self) { // We implement the `chocolate` method here.\n        println!(\"Hmmm! I love chocolate!\");\n    }\n}\n\nlet x = Mouth;\nx.chocolate(); // ok!\n```\n"},"level":"error","spans":[{"file_name":"/Users/apple/.cargo/registry/src/index.crates.io-1949cf8c6b5b557f/spl-token-2022-0.9.0/src/state.rs","byte_start":10861,"byte_end":10875,"line_start":306,"line_end":306,"column_start":57,"column_end":71,"is_primary":true,"text":[{"text":"                        .get(spl_token::state::Account::get_packed_len())","highlight_start":57,"highlight_end":71}],"label":"function or associated item not found in `Account`","suggested_replacement":null,"suggestion_applicability":null,"expansion":null}],"children":[{"message":"items from traits can only be used if the trait is in scope","code":null,"level":"help","spans":[],"children":[],"rendered":null},{"message":"trait `Pack` which provides `get_packed_len` is implemented but not in scope; perhaps you want to import it","code":null,"level":"help","spans":[{"file_name":"/Users/apple/.cargo/registry/src/index.crates.io-1949cf8c6b5b557f/spl-token-2022-0.9.0/src/state.rs","byte_start":28,"byte_end":28,"line_start":3,"line_end":3,"column_start":1,"column_end":1,"is_primary":true,"text":[{"text":"use {","highlight_start":1,"highlight_end":1}],"label":null,"suggested_replacement":"use spl_memo::solana_program::solana_program_pack::Pack;\n","suggestion_applicability":"MaybeIncorrect","expansion":null}],"children":[],"rendered":null}],"rendered":"\u001b[0m\u001b[1m\u001b[38;5;9merror[E0599]\u001b[0m\u001b[0m\u001b[1m: no function or associated item named `get_packed_len` found for struct `spl_token::state::Account` in the current scope\u001b[0m\n\u001b[0m   \u001b[0m\u001b[0m\u001b[1m\u001b[38;5;12m--> \u001b[0m\u001b[0m/Users/apple/.cargo/registry/src/index.crates.io-1949cf8c6b5b557f/spl-token-2022-0.9.0/src/state.rs:306:57\u001b[0m\n\u001b[0m    \u001b[0m\u001b[0m\u001b[1m\u001b[38;5;12m|\u001b[0m\n\u001b[0m\u001b[1m\u001b[38;5;12m306\u001b[0m\u001b[0m \u001b[0m\u001b[0m\u001b[1m\u001b[38;5;12m|\u001b[0m\u001b[0m \u001b[0m\u001b[0m                        .get(spl_token::state::Account::get_packed_len())\u001b[0m\n\u001b[0m    \u001b[0m\u001b[0m\u001b[1m\u001b[38;5;12m|\u001b[0m\u001b[0m                                                         \u001b[0m\u001b[0m\u001b[1m\u001b[38;5;9m^^^^^^^^^^^^^^\u001b[0m\u001b[0m \u001b[0m\u001b[0m\u001b[1m\u001b[38;5;9mfunction or associated item not found in `Account`\u001b[0m\n\u001b[0m    \u001b[0m\u001b[0m\u001b[1m\u001b[38;5;12m|\u001b[0m\n\u001b[0m    \u001b[0m\u001b[0m\u001b[1m\u001b[38;5;12m= \u001b[0m\u001b[0m\u001b[1mhelp\u001b[0m\u001b[0m: items from traits can only be used if the trait is in scope\u001b[0m\n\u001b[0m\u001b[1m\u001b[38;5;14mhelp\u001b[0m\u001b[0m: trait `Pack` which provides `get_packed_len` is implemented but not in scope; perhaps you want to import it\u001b[0m\n\u001b[0m    \u001b[0m\u001b[0m\u001b[1m\u001b[38;5;12m|\u001b[0m\n\u001b[0m\u001b[1m\u001b[38;5;12m3\u001b[0m\u001b[0m   \u001b[0m\u001b[0m\u001b[38;5;10m+ use spl_memo::solana_program::solana_program_pack::Pack;\u001b[0m\n\u001b[0m    \u001b[0m\u001b[0m\u001b[1m\u001b[38;5;12m|\u001b[0m\n\n"}
{"$message_type":"diagnostic","message":"can't compare `solana_program::pubkey::Pubkey` with `__Pubkey`","code":{"code":"E0277","explanation":"You tried to use a type which doesn't implement some trait in a place which\nexpected that trait.\n\nErroneous code example:\n\n```compile_fail,E0277\n// here we declare the Foo trait with a bar method\ntrait Foo {\n    fn bar(&self);\n}\n\n// we now declare a function which takes an object implementing the Foo trait\nfn some_func<T: Foo>(foo: T) {\n    foo.bar();\n}\n\nfn main() {\n    // we now call the method with the i32 type, which doesn't implement\n    // the Foo trait\n    some_func(5i32); // error: the trait bound `i32 : Foo` is not satisfied\n}\n```\n\nIn order to fix this error, verify that the type you're using does implement\nthe trait. Example:\n\n```\ntrait Foo {\n    fn bar(&self);\n}\n\n// we implement the trait on the i32 type\nimpl Foo for i32 {\n    fn bar(&self) {}\n}\n\nfn some_func<T: Foo>(foo: T) {\n    foo.bar(); // we can now use this method since i32 implements the\n               // Foo trait\n}\n\nfn main() {\n    some_func(5i32); // ok!\n}\n```\n\nOr in a generic context, an erroneous code example would look like:\n\n```compile_fail,E0277\nfn some_func<T>(foo: T) {\n    println!(\"{:?}\", foo); // error: the trait `core::fmt::Debug` is not\n                           //        implemented for the type `T`\n}\n\nfn main() {\n    // We now call the method with the i32 type,\n    // which *does* implement the Debug trait.\n    some_func(5i32);\n}\n```\n\nNote that the error here is in the definition of the generic function. Although\nwe only call it with a parameter that does implement `Debug`, the compiler\nstill rejects the function. It must work with all possible input types. In\norder to make this example compile, we need to restrict the generic type we're\naccepting:\n\n```\nuse std::fmt;\n\n// Restrict the input type to types that implement Debug.\nfn some_func<T: fmt::Debug>(foo: T) {\n    println!(\"{:?}\", foo);\n}\n\nfn main() {\n    // Calling the method is still fine, as i32 implements Debug.\n    some_func(5i32);\n\n    // This would fail to compile now:\n    // struct WithoutDebug;\n    // some_func(WithoutDebug);\n}\n```\n\nRust only looks at the signature of the called function, as such it must\nalready specify all requirements that will be used for every type parameter.\n"},"level":"error","spans":[{"file_name":"/Users/apple/.cargo/registry/src/index.crates.io-1949cf8c6b5b557f/spl-token-2022-0.9.0/src/lib.rs","byte_start":3778,"byte_end":3780,"line_start":106,"line_end":106,"column_start":62,"column_end":64,"is_primary":true,"text":[{"text":"    if spl_token_program_id != &id() && spl_token_program_id != &spl_token::id() {","highlight_start":62,"highlight_end":64}],"label":"no implementation for `solana_program::pubkey::Pubkey == __Pubkey`","suggested_replacement":null,"suggestion_applicability":null,"expansion":null}],"children":[{"message":"the trait `PartialEq<__Pubkey>` is not implemented for `solana_program::pubkey::Pubkey`\nbut trait `PartialEq<solana_program::pubkey::Pubkey>` is implemented for it","code":null,"level":"help","spans":[],"children":[],"rendered":null},{"message":"for that trait implementation, expected `solana_program::pubkey::Pubkey`, found `__Pubkey`","code":null,"level":"help","spans":[],"children":[],"rendered":null},{"message":"required for `&solana_program::pubkey::Pubkey` to implement `PartialEq<&__Pubkey>`","code":null,"level":"note","spans":[],"children":[],"rendered":null}],"rendered":"\u001b[0m\u001b[1m\u001b[38;5;9merror[E0277]\u001b[0m\u001b[0m\u001b[1m: can't compare `solana_program::pubkey::Pubkey` with `__Pubkey`\u001b[0m\n\u001b[0m   \u001b[0m\u001b[0m\u001b[1m\u001b[38;5;12m--> \u001b[0m\u001b[0m/Users/apple/.cargo/registry/src/index.crates.io-1949cf8c6b5b557f/spl-token-2022-0.9.0/src/lib.rs:106:62\u001b[0m\n\u001b[0m    \u001b[0m\u001b[0m\u001b[1m\u001b[38;5;12m|\u001b[0m\n\u001b[0m\u001b[1m\u001b[38;5;12m106\u001b[0m\u001b[0m \u001b[0m\u001b[0m\u001b[1m\u001b[38;5;12m|\u001b[0m\u001b[0m \u001b[0m\u001b[0m    if spl_token_program_id != &id() && spl_token_program_id != &spl_token::id() {\u001b[0m\n\u001b[0m    \u001b[0m\u001b[0m\u001b[1m\u001b[38;5;12m|\u001b[0m\u001b[0m                                                              \u001b[0m\u001b[0m\u001b[1m\u001b[38;5;9m^^\u001b[0m\u001b[0m \u001b[0m\u001b[0m\u001b[1m\u001b[38;5;9mno implementation for `solana_program::pubkey::Pubkey == __Pubkey`\u001b[0m\n\u001b[0m    \u001b[0m\u001b[0m\u001b[1m\u001b[38;5;12m|\u001b[0m\n\u001b[0m    \u001b[0m\u001b[0m\u001b[1m\u001b[38;5;12m= \u001b[0m\u001b[0m\u001b[1mhelp\u001b[0m\u001b[0m: the trait `PartialEq<\u001b[0m\u001b[0m\u001b[1m\u001b[35m__Pubkey\u001b[0m\u001b[0m>` \u001b[0m\u001b[0m\u001b[1m\u001b[35mis not\u001b[0m\u001b[0m implemented for `solana_program::pubkey::Pubkey`\u001b[0m\n\u001b[0m            but trait `PartialEq<\u001b[0m\u001b[0m\u001b[1m\u001b[35msolana_program::pubkey::Pubkey\u001b[0m\u001b[0m>` \u001b[0m\u001b[0m\u001b[1m\u001b[35mis\u001b[0m\u001b[0m implemented for it\u001b[0m\n\u001b[0m    \u001b[0m\u001b[0m\u001b[1m\u001b[38;5;12m= \u001b[0m\u001b[0m\u001b[1mhelp\u001b[0m\u001b[0m: for that trait implementation, expected `\u001b[0m\u001b[0m\u001b[1m\u001b[35msolana_program::pubkey::Pubkey\u001b[0m\u001b[0m`, found `\u001b[0m\u001b[0m\u001b[1m\u001b[35m__Pubkey\u001b[0m\u001b[0m`\u001b[0m\n\u001b[0m    \u001b[0m\u001b[0m\u001b[1m\u001b[38;5;12m= \u001b[0m\u001b[0m\u001b[1mnote\u001b[0m\u001b[0m: required for `&solana_program::pubkey::Pubkey` to implement `PartialEq<&__Pubkey>`\u001b[0m\n\n"}
{"$message_type":"diagnostic","message":"aborting due to 4 previous errors","code":null,"level":"error","spans":[],"children":[],"rendered":"\u001b[0m\u001b[1m\u001b[38;5;9merror\u001b[0m\u001b[0m\u001b[1m: aborting due to 4 previous errors\u001b[0m\n\n"}
{"$message_type":"diagnostic","message":"Some errors have detailed explanations: E0277, E0599.","code":null,"level":"failure-note","spans":[],"children":[],"rendered":"\u001b[0m\u001b[1mSome errors have detailed explanations: E0277, E0599.\u001b[0m\n"}
{"$message_type":"diagnostic","message":"For more information about an error, try `rustc --explain E0277`.","code":null,"level":"failure-note","spans":[],"children":[],"rendered":"\u001b[0m\u001b[1mFor more information about an error, try `rustc --explain E0277`.\u001b[0m\n"}
